<?xml version="1.0" encoding="UTF-8"?>
<!-- Generated by org.testng.reporters.JUnitXMLReporter -->
<testsuite ignored="1" hostname="LAPTOP-5F1O7FD6" failures="1" tests="1" name="Regression Test" time="13.624" errors="0" timestamp="2020-01-16T21:51:30 CST">
  <testcase classname="com.class4.LoginAndTitle" name="logoValidation" time="0.142">
    <failure type="java.lang.AssertionError" message="Syntax Logo is NOT displayed did not expect to find [true] but found [false]">
      <![CDATA[java.lang.AssertionError: Syntax Logo is NOT displayed did not expect to find [true] but found [false]
at com.class4.LoginAndTitle.logoValidation(LoginAndTitle.java:29)
at java.base/java.util.ArrayList.forEach(ArrayList.java:1540)
... Removed 30 stack frames]]>
    </failure>
  </testcase> <!-- logoValidation -->
  <testcase classname="com.class4.LoginAndTitle" name="titleValidation" time="0.0">
    <ignored/>
  </testcase> <!-- titleValidation -->
</testsuite> <!-- Regression Test -->
