<?xml version="1.0" encoding="UTF-8"?>
<testng-results ignored="0" total="5" passed="3" failed="2" skipped="0">
  <reporter-output>
  </reporter-output>
  <suite started-at="2020-01-17T00:32:38 CST" name="Default suite" finished-at="2020-01-17T00:35:05 CST" duration-ms="147092">
    <groups>
      <group name="regression">
        <method signature="HWDataProvider.addEmp(java.lang.String, java.lang.String, java.lang.String, java.lang.String)[pri:0, instance:com.class3.HWDataProvider@5a955565]" name="addEmp" class="com.class3.HWDataProvider"/>
      </group> <!-- regression -->
    </groups>
    <test started-at="2020-01-17T00:32:38 CST" name="Default test" finished-at="2020-01-17T00:35:05 CST" duration-ms="147092">
      <class name="com.class3.HWDataProvider">
        <test-method is-config="true" signature="openAndLogin()[pri:0, instance:com.class3.HWDataProvider@5a955565]" started-at="2020-01-17T00:32:38 CST" name="openAndLogin" finished-at="2020-01-17T00:32:50 CST" duration-ms="11594" status="PASS">
          <reporter-output>
          </reporter-output>
        </test-method> <!-- openAndLogin -->
        <test-method is-config="true" signature="logIn()[pri:0, instance:com.class3.HWDataProvider@5a955565]" started-at="2020-01-17T00:32:50 CST" name="logIn" finished-at="2020-01-17T00:32:57 CST" duration-ms="6557" status="PASS">
          <reporter-output>
          </reporter-output>
        </test-method> <!-- logIn -->
        <test-method signature="addEmp(java.lang.String, java.lang.String, java.lang.String, java.lang.String)[pri:0, instance:com.class3.HWDataProvider@5a955565]" started-at="2020-01-17T00:32:57 CST" name="addEmp" data-provider="getData" finished-at="2020-01-17T00:33:09 CST" duration-ms="12203" status="PASS">
          <params>
            <param index="0">
              <value>
                <![CDATA[SainThomas]]>
              </value>
            </param>
            <param index="1">
              <value>
                <![CDATA[Hum@nhrm123]]>
              </value>
            </param>
            <param index="2">
              <value>
                <![CDATA[guvrCenn23]]>
              </value>
            </param>
            <param index="3">
              <value>
                <![CDATA[/8Hum@#$124]]>
              </value>
            </param>
          </params>
          <reporter-output>
          </reporter-output>
        </test-method> <!-- addEmp -->
        <test-method is-config="true" signature="logOut()[pri:0, instance:com.class3.HWDataProvider@5a955565]" started-at="2020-01-17T00:33:09 CST" name="logOut" finished-at="2020-01-17T00:33:12 CST" duration-ms="2740" status="PASS">
          <reporter-output>
          </reporter-output>
        </test-method> <!-- logOut -->
        <test-method is-config="true" signature="logIn()[pri:0, instance:com.class3.HWDataProvider@5a955565]" started-at="2020-01-17T00:33:12 CST" name="logIn" finished-at="2020-01-17T00:33:18 CST" duration-ms="6262" status="PASS">
          <reporter-output>
          </reporter-output>
        </test-method> <!-- logIn -->
        <test-method signature="addEmp(java.lang.String, java.lang.String, java.lang.String, java.lang.String)[pri:0, instance:com.class3.HWDataProvider@5a955565]" started-at="2020-01-17T00:33:18 CST" name="addEmp" data-provider="getData" finished-at="2020-01-17T00:33:30 CST" duration-ms="11897" status="PASS">
          <params>
            <param index="0">
              <value>
                <![CDATA[SynbotMM]]>
              </value>
            </param>
            <param index="1">
              <value>
                <![CDATA[Suda123!]]>
              </value>
            </param>
            <param index="2">
              <value>
                <![CDATA[Yalistnbl]]>
              </value>
            </param>
            <param index="3">
              <value>
                <![CDATA[33S@yno/pl]]>
              </value>
            </param>
          </params>
          <reporter-output>
          </reporter-output>
        </test-method> <!-- addEmp -->
        <test-method is-config="true" signature="logOut()[pri:0, instance:com.class3.HWDataProvider@5a955565]" started-at="2020-01-17T00:33:30 CST" name="logOut" finished-at="2020-01-17T00:33:32 CST" duration-ms="2580" status="PASS">
          <reporter-output>
          </reporter-output>
        </test-method> <!-- logOut -->
        <test-method is-config="true" signature="logIn()[pri:0, instance:com.class3.HWDataProvider@5a955565]" started-at="2020-01-17T00:33:32 CST" name="logIn" finished-at="2020-01-17T00:33:38 CST" duration-ms="5846" status="PASS">
          <reporter-output>
          </reporter-output>
        </test-method> <!-- logIn -->
        <test-method signature="addEmp(java.lang.String, java.lang.String, java.lang.String, java.lang.String)[pri:0, instance:com.class3.HWDataProvider@5a955565]" started-at="2020-01-17T00:33:38 CST" name="addEmp" data-provider="getData" finished-at="2020-01-17T00:34:06 CST" duration-ms="27532" status="FAIL">
          <params>
            <param index="0">
              <value>
                <![CDATA[Waryemez123]]>
              </value>
            </param>
            <param index="1">
              <value>
                <![CDATA[Wara123Do!]]>
              </value>
            </param>
            <param index="2">
              <value>
                <![CDATA[nesunema34]]>
              </value>
            </param>
            <param index="3">
              <value>
                <![CDATA[Us3%489kjh/]]>
              </value>
            </param>
          </params>
          <exception class="org.openqa.selenium.TimeoutException">
            <message>
              <![CDATA[Expected condition failed: waiting for visibility of all elements located by By.xpath: //div[@id='profile-pic']/h1 (tried for 20 second(s) with 500 milliseconds interval)
Build info: version: '3.141.59', revision: 'e82be7d358', time: '2018-11-14T08:25:48'
System info: host: 'LAPTOP-5F1O7FD6', ip: '192.168.163.1', os.name: 'Windows 10', os.arch: 'amd64', os.version: '10.0', java.version: '12.0.2'
Driver info: org.openqa.selenium.chrome.ChromeDriver
Capabilities {acceptInsecureCerts: false, browserName: chrome, browserVersion: 79.0.3945.117, chrome: {chromedriverVersion: 79.0.3945.36 (3582db32b3389..., userDataDir: C:\Users\MELEKA~1\AppData\L...}, goog:chromeOptions: {debuggerAddress: localhost:52750}, javascriptEnabled: true, networkConnectionEnabled: false, pageLoadStrategy: normal, platform: WINDOWS, platformName: WINDOWS, proxy: Proxy(), setWindowRect: true, strictFileInteractability: false, timeouts: {implicit: 0, pageLoad: 300000, script: 30000}, unhandledPromptBehavior: dismiss and notify}
Session ID: 46e58d5306b8af694f50d139b4e54ccb]]>
            </message>
            <full-stacktrace>
              <![CDATA[org.openqa.selenium.TimeoutException: Expected condition failed: waiting for visibility of all elements located by By.xpath: //div[@id='profile-pic']/h1 (tried for 20 second(s) with 500 milliseconds interval)
Build info: version: '3.141.59', revision: 'e82be7d358', time: '2018-11-14T08:25:48'
System info: host: 'LAPTOP-5F1O7FD6', ip: '192.168.163.1', os.name: 'Windows 10', os.arch: 'amd64', os.version: '10.0', java.version: '12.0.2'
Driver info: org.openqa.selenium.chrome.ChromeDriver
Capabilities {acceptInsecureCerts: false, browserName: chrome, browserVersion: 79.0.3945.117, chrome: {chromedriverVersion: 79.0.3945.36 (3582db32b3389..., userDataDir: C:\Users\MELEKA~1\AppData\L...}, goog:chromeOptions: {debuggerAddress: localhost:52750}, javascriptEnabled: true, networkConnectionEnabled: false, pageLoadStrategy: normal, platform: WINDOWS, platformName: WINDOWS, proxy: Proxy(), setWindowRect: true, strictFileInteractability: false, timeouts: {implicit: 0, pageLoad: 300000, script: 30000}, unhandledPromptBehavior: dismiss and notify}
Session ID: 46e58d5306b8af694f50d139b4e54ccb
at org.openqa.selenium.support.ui.WebDriverWait.timeoutException(WebDriverWait.java:95)
at org.openqa.selenium.support.ui.FluentWait.until(FluentWait.java:272)
at com.class3.HWDataProvider.addEmp(HWDataProvider.java:88)
at java.base/jdk.internal.reflect.NativeMethodAccessorImpl.invoke0(Native Method)
at java.base/jdk.internal.reflect.NativeMethodAccessorImpl.invoke(NativeMethodAccessorImpl.java:62)
at java.base/jdk.internal.reflect.DelegatingMethodAccessorImpl.invoke(DelegatingMethodAccessorImpl.java:43)
at java.base/java.lang.reflect.Method.invoke(Method.java:567)
at org.testng.internal.MethodInvocationHelper.invokeMethod(MethodInvocationHelper.java:133)
at org.testng.internal.TestInvoker.invokeMethod(TestInvoker.java:584)
at org.testng.internal.TestInvoker.invokeTestMethod(TestInvoker.java:172)
at org.testng.internal.MethodRunner.runInSequence(MethodRunner.java:46)
at org.testng.internal.TestInvoker$MethodInvocationAgent.invoke(TestInvoker.java:804)
at org.testng.internal.TestInvoker.invokeTestMethods(TestInvoker.java:145)
at org.testng.internal.TestMethodWorker.invokeTestMethods(TestMethodWorker.java:146)
at org.testng.internal.TestMethodWorker.run(TestMethodWorker.java:128)
at java.base/java.util.ArrayList.forEach(ArrayList.java:1540)
at org.testng.TestRunner.privateRun(TestRunner.java:770)
at org.testng.TestRunner.run(TestRunner.java:591)
at org.testng.SuiteRunner.runTest(SuiteRunner.java:402)
at org.testng.SuiteRunner.runSequentially(SuiteRunner.java:396)
at org.testng.SuiteRunner.privateRun(SuiteRunner.java:355)
at org.testng.SuiteRunner.run(SuiteRunner.java:304)
at org.testng.SuiteRunnerWorker.runSuite(SuiteRunnerWorker.java:53)
at org.testng.SuiteRunnerWorker.run(SuiteRunnerWorker.java:96)
at org.testng.TestNG.runSuitesSequentially(TestNG.java:1180)
at org.testng.TestNG.runSuitesLocally(TestNG.java:1102)
at org.testng.TestNG.runSuites(TestNG.java:1032)
at org.testng.TestNG.run(TestNG.java:1000)
at org.testng.remote.AbstractRemoteTestNG.run(AbstractRemoteTestNG.java:115)
at org.testng.remote.RemoteTestNG.initAndRun(RemoteTestNG.java:251)
at org.testng.remote.RemoteTestNG.main(RemoteTestNG.java:77)
]]>
            </full-stacktrace>
          </exception> <!-- org.openqa.selenium.TimeoutException -->
          <reporter-output>
          </reporter-output>
        </test-method> <!-- addEmp -->
        <test-method is-config="true" signature="logOut()[pri:0, instance:com.class3.HWDataProvider@5a955565]" started-at="2020-01-17T00:34:06 CST" name="logOut" finished-at="2020-01-17T00:34:08 CST" duration-ms="2717" status="PASS">
          <reporter-output>
          </reporter-output>
        </test-method> <!-- logOut -->
        <test-method is-config="true" signature="logIn()[pri:0, instance:com.class3.HWDataProvider@5a955565]" started-at="2020-01-17T00:34:08 CST" name="logIn" finished-at="2020-01-17T00:34:14 CST" duration-ms="5850" status="PASS">
          <reporter-output>
          </reporter-output>
        </test-method> <!-- logIn -->
        <test-method signature="addEmp(java.lang.String, java.lang.String, java.lang.String, java.lang.String)[pri:0, instance:com.class3.HWDataProvider@5a955565]" started-at="2020-01-17T00:34:14 CST" name="addEmp" data-provider="getData" finished-at="2020-01-17T00:34:42 CST" duration-ms="27467" status="FAIL">
          <params>
            <param index="0">
              <value>
                <![CDATA[AsimcanlKI]]>
              </value>
            </param>
            <param index="1">
              <value>
                <![CDATA[Demirnj]]>
              </value>
            </param>
            <param index="2">
              <value>
                <![CDATA[zehruzema6]]>
              </value>
            </param>
            <param index="3">
              <value>
                <![CDATA[/As4556h@yi]]>
              </value>
            </param>
          </params>
          <exception class="org.openqa.selenium.TimeoutException">
            <message>
              <![CDATA[Expected condition failed: waiting for visibility of all elements located by By.xpath: //div[@id='profile-pic']/h1 (tried for 20 second(s) with 500 milliseconds interval)
Build info: version: '3.141.59', revision: 'e82be7d358', time: '2018-11-14T08:25:48'
System info: host: 'LAPTOP-5F1O7FD6', ip: '192.168.163.1', os.name: 'Windows 10', os.arch: 'amd64', os.version: '10.0', java.version: '12.0.2'
Driver info: org.openqa.selenium.chrome.ChromeDriver
Capabilities {acceptInsecureCerts: false, browserName: chrome, browserVersion: 79.0.3945.117, chrome: {chromedriverVersion: 79.0.3945.36 (3582db32b3389..., userDataDir: C:\Users\MELEKA~1\AppData\L...}, goog:chromeOptions: {debuggerAddress: localhost:52750}, javascriptEnabled: true, networkConnectionEnabled: false, pageLoadStrategy: normal, platform: WINDOWS, platformName: WINDOWS, proxy: Proxy(), setWindowRect: true, strictFileInteractability: false, timeouts: {implicit: 0, pageLoad: 300000, script: 30000}, unhandledPromptBehavior: dismiss and notify}
Session ID: 46e58d5306b8af694f50d139b4e54ccb]]>
            </message>
            <full-stacktrace>
              <![CDATA[org.openqa.selenium.TimeoutException: Expected condition failed: waiting for visibility of all elements located by By.xpath: //div[@id='profile-pic']/h1 (tried for 20 second(s) with 500 milliseconds interval)
Build info: version: '3.141.59', revision: 'e82be7d358', time: '2018-11-14T08:25:48'
System info: host: 'LAPTOP-5F1O7FD6', ip: '192.168.163.1', os.name: 'Windows 10', os.arch: 'amd64', os.version: '10.0', java.version: '12.0.2'
Driver info: org.openqa.selenium.chrome.ChromeDriver
Capabilities {acceptInsecureCerts: false, browserName: chrome, browserVersion: 79.0.3945.117, chrome: {chromedriverVersion: 79.0.3945.36 (3582db32b3389..., userDataDir: C:\Users\MELEKA~1\AppData\L...}, goog:chromeOptions: {debuggerAddress: localhost:52750}, javascriptEnabled: true, networkConnectionEnabled: false, pageLoadStrategy: normal, platform: WINDOWS, platformName: WINDOWS, proxy: Proxy(), setWindowRect: true, strictFileInteractability: false, timeouts: {implicit: 0, pageLoad: 300000, script: 30000}, unhandledPromptBehavior: dismiss and notify}
Session ID: 46e58d5306b8af694f50d139b4e54ccb
at org.openqa.selenium.support.ui.WebDriverWait.timeoutException(WebDriverWait.java:95)
at org.openqa.selenium.support.ui.FluentWait.until(FluentWait.java:272)
at com.class3.HWDataProvider.addEmp(HWDataProvider.java:88)
at java.base/jdk.internal.reflect.NativeMethodAccessorImpl.invoke0(Native Method)
at java.base/jdk.internal.reflect.NativeMethodAccessorImpl.invoke(NativeMethodAccessorImpl.java:62)
at java.base/jdk.internal.reflect.DelegatingMethodAccessorImpl.invoke(DelegatingMethodAccessorImpl.java:43)
at java.base/java.lang.reflect.Method.invoke(Method.java:567)
at org.testng.internal.MethodInvocationHelper.invokeMethod(MethodInvocationHelper.java:133)
at org.testng.internal.TestInvoker.invokeMethod(TestInvoker.java:584)
at org.testng.internal.TestInvoker.invokeTestMethod(TestInvoker.java:172)
at org.testng.internal.MethodRunner.runInSequence(MethodRunner.java:46)
at org.testng.internal.TestInvoker$MethodInvocationAgent.invoke(TestInvoker.java:804)
at org.testng.internal.TestInvoker.invokeTestMethods(TestInvoker.java:145)
at org.testng.internal.TestMethodWorker.invokeTestMethods(TestMethodWorker.java:146)
at org.testng.internal.TestMethodWorker.run(TestMethodWorker.java:128)
at java.base/java.util.ArrayList.forEach(ArrayList.java:1540)
at org.testng.TestRunner.privateRun(TestRunner.java:770)
at org.testng.TestRunner.run(TestRunner.java:591)
at org.testng.SuiteRunner.runTest(SuiteRunner.java:402)
at org.testng.SuiteRunner.runSequentially(SuiteRunner.java:396)
at org.testng.SuiteRunner.privateRun(SuiteRunner.java:355)
at org.testng.SuiteRunner.run(SuiteRunner.java:304)
at org.testng.SuiteRunnerWorker.runSuite(SuiteRunnerWorker.java:53)
at org.testng.SuiteRunnerWorker.run(SuiteRunnerWorker.java:96)
at org.testng.TestNG.runSuitesSequentially(TestNG.java:1180)
at org.testng.TestNG.runSuitesLocally(TestNG.java:1102)
at org.testng.TestNG.runSuites(TestNG.java:1032)
at org.testng.TestNG.run(TestNG.java:1000)
at org.testng.remote.AbstractRemoteTestNG.run(AbstractRemoteTestNG.java:115)
at org.testng.remote.RemoteTestNG.initAndRun(RemoteTestNG.java:251)
at org.testng.remote.RemoteTestNG.main(RemoteTestNG.java:77)
]]>
            </full-stacktrace>
          </exception> <!-- org.openqa.selenium.TimeoutException -->
          <reporter-output>
          </reporter-output>
        </test-method> <!-- addEmp -->
        <test-method is-config="true" signature="logOut()[pri:0, instance:com.class3.HWDataProvider@5a955565]" started-at="2020-01-17T00:34:42 CST" name="logOut" finished-at="2020-01-17T00:34:44 CST" duration-ms="2668" status="PASS">
          <reporter-output>
          </reporter-output>
        </test-method> <!-- logOut -->
        <test-method is-config="true" signature="logIn()[pri:0, instance:com.class3.HWDataProvider@5a955565]" started-at="2020-01-17T00:34:44 CST" name="logIn" finished-at="2020-01-17T00:34:50 CST" duration-ms="5788" status="PASS">
          <reporter-output>
          </reporter-output>
        </test-method> <!-- logIn -->
        <test-method signature="addEmp(java.lang.String, java.lang.String, java.lang.String, java.lang.String)[pri:0, instance:com.class3.HWDataProvider@5a955565]" started-at="2020-01-17T00:34:50 CST" name="addEmp" data-provider="getData" finished-at="2020-01-17T00:35:02 CST" duration-ms="11963" status="PASS">
          <params>
            <param index="0">
              <value>
                <![CDATA[Angelbuya25]]>
              </value>
            </param>
            <param index="1">
              <value>
                <![CDATA[bugareiP]]>
              </value>
            </param>
            <param index="2">
              <value>
                <![CDATA[missmycountry45]]>
              </value>
            </param>
            <param index="3">
              <value>
                <![CDATA[Me4/5@456n]]>
              </value>
            </param>
          </params>
          <reporter-output>
          </reporter-output>
        </test-method> <!-- addEmp -->
        <test-method is-config="true" signature="logOut()[pri:0, instance:com.class3.HWDataProvider@5a955565]" started-at="2020-01-17T00:35:02 CST" name="logOut" finished-at="2020-01-17T00:35:05 CST" duration-ms="2603" status="PASS">
          <reporter-output>
          </reporter-output>
        </test-method> <!-- logOut -->
        <test-method is-config="true" signature="closeBrowser()[pri:0, instance:com.class3.HWDataProvider@5a955565]" started-at="2020-01-17T00:35:05 CST" name="closeBrowser" finished-at="2020-01-17T00:35:05 CST" duration-ms="747" status="PASS">
          <reporter-output>
          </reporter-output>
        </test-method> <!-- closeBrowser -->
      </class> <!-- com.class3.HWDataProvider -->
    </test> <!-- Default test -->
  </suite> <!-- Default suite -->
</testng-results>
